[2024-11-18 16:39:08] local.ERROR: No application encryption key has been specified. {"exception":"[object] (Illuminate\\Encryption\\MissingAppKeyException(code: 0): No application encryption key has been specified. at F:\\PHP\\OstadLearning\\laravel\\ecom\\vendor\\laravel\\framework\\src\\Illuminate\\Encryption\\EncryptionServiceProvider.php:83)
[stacktrace]
#0 F:\\PHP\\OstadLearning\\laravel\\ecom\\vendor\\laravel\\framework\\src\\Illuminate\\Support\\helpers.php(380): Illuminate\\Encryption\\EncryptionServiceProvider->Illuminate\\Encryption\\{closure}()
#1 F:\\PHP\\OstadLearning\\laravel\\ecom\\vendor\\laravel\\framework\\src\\Illuminate\\Encryption\\EncryptionServiceProvider.php(81): tap()
#2 F:\\PHP\\OstadLearning\\laravel\\ecom\\vendor\\laravel\\framework\\src\\Illuminate\\Encryption\\EncryptionServiceProvider.php(64): Illuminate\\Encryption\\EncryptionServiceProvider->key()
#3 F:\\PHP\\OstadLearning\\laravel\\ecom\\vendor\\laravel\\framework\\src\\Illuminate\\Encryption\\EncryptionServiceProvider.php(32): Illuminate\\Encryption\\EncryptionServiceProvider->parseKey()
#4 F:\\PHP\\OstadLearning\\laravel\\ecom\\vendor\\laravel\\framework\\src\\Illuminate\\Container\\Container.php(933): Illuminate\\Encryption\\EncryptionServiceProvider->Illuminate\\Encryption\\{closure}()
#5 F:\\PHP\\OstadLearning\\laravel\\ecom\\vendor\\laravel\\framework\\src\\Illuminate\\Container\\Container.php(815): Illuminate\\Container\\Container->build()
#6 F:\\PHP\\OstadLearning\\laravel\\ecom\\vendor\\laravel\\framework\\src\\Illuminate\\Foundation\\Application.php(1048): Illuminate\\Container\\Container->resolve()
#7 F:\\PHP\\OstadLearning\\laravel\\ecom\\vendor\\laravel\\framework\\src\\Illuminate\\Container\\Container.php(751): Illuminate\\Foundation\\Application->resolve()
#8 F:\\PHP\\OstadLearning\\laravel\\ecom\\vendor\\laravel\\framework\\src\\Illuminate\\Foundation\\Application.php(1030): Illuminate\\Container\\Container->make()
#9 F:\\PHP\\OstadLearning\\laravel\\ecom\\vendor\\laravel\\framework\\src\\Illuminate\\Container\\Container.php(1114): Illuminate\\Foundation\\Application->make()
#10 F:\\PHP\\OstadLearning\\laravel\\ecom\\vendor\\laravel\\framework\\src\\Illuminate\\Container\\Container.php(1024): Illuminate\\Container\\Container->resolveClass()
#11 F:\\PHP\\OstadLearning\\laravel\\ecom\\vendor\\laravel\\framework\\src\\Illuminate\\Container\\Container.php(975): Illuminate\\Container\\Container->resolveDependencies()
#12 F:\\PHP\\OstadLearning\\laravel\\ecom\\vendor\\laravel\\framework\\src\\Illuminate\\Container\\Container.php(815): Illuminate\\Container\\Container->build()
#13 F:\\PHP\\OstadLearning\\laravel\\ecom\\vendor\\laravel\\framework\\src\\Illuminate\\Foundation\\Application.php(1048): Illuminate\\Container\\Container->resolve()
#14 F:\\PHP\\OstadLearning\\laravel\\ecom\\vendor\\laravel\\framework\\src\\Illuminate\\Container\\Container.php(751): Illuminate\\Foundation\\Application->resolve()
#15 F:\\PHP\\OstadLearning\\laravel\\ecom\\vendor\\laravel\\framework\\src\\Illuminate\\Foundation\\Application.php(1030): Illuminate\\Container\\Container->make()
#16 F:\\PHP\\OstadLearning\\laravel\\ecom\\vendor\\laravel\\framework\\src\\Illuminate\\Pipeline\\Pipeline.php(172): Illuminate\\Foundation\\Application->make()
#17 F:\\PHP\\OstadLearning\\laravel\\ecom\\vendor\\laravel\\framework\\src\\Illuminate\\Pipeline\\Pipeline.php(119): Illuminate\\Pipeline\\Pipeline->Illuminate\\Pipeline\\{closure}()
#18 F:\\PHP\\OstadLearning\\laravel\\ecom\\vendor\\laravel\\framework\\src\\Illuminate\\Routing\\Router.php(807): Illuminate\\Pipeline\\Pipeline->then()
#19 F:\\PHP\\OstadLearning\\laravel\\ecom\\vendor\\laravel\\framework\\src\\Illuminate\\Routing\\Router.php(786): Illuminate\\Routing\\Router->runRouteWithinStack()
#20 F:\\PHP\\OstadLearning\\laravel\\ecom\\vendor\\laravel\\framework\\src\\Illuminate\\Routing\\Router.php(750): Illuminate\\Routing\\Router->runRoute()
#21 F:\\PHP\\OstadLearning\\laravel\\ecom\\vendor\\laravel\\framework\\src\\Illuminate\\Routing\\Router.php(739): Illuminate\\Routing\\Router->dispatchToRoute()
#22 F:\\PHP\\OstadLearning\\laravel\\ecom\\vendor\\laravel\\framework\\src\\Illuminate\\Foundation\\Http\\Kernel.php(201): Illuminate\\Routing\\Router->dispatch()
#23 F:\\PHP\\OstadLearning\\laravel\\ecom\\vendor\\laravel\\framework\\src\\Illuminate\\Pipeline\\Pipeline.php(144): Illuminate\\Foundation\\Http\\Kernel->Illuminate\\Foundation\\Http\\{closure}()
#24 F:\\PHP\\OstadLearning\\laravel\\ecom\\vendor\\laravel\\framework\\src\\Illuminate\\Foundation\\Http\\Middleware\\TransformsRequest.php(21): Illuminate\\Pipeline\\Pipeline->Illuminate\\Pipeline\\{closure}()
#25 F:\\PHP\\OstadLearning\\laravel\\ecom\\vendor\\laravel\\framework\\src\\Illuminate\\Foundation\\Http\\Middleware\\ConvertEmptyStringsToNull.php(31): Illuminate\\Foundation\\Http\\Middleware\\TransformsRequest->handle()
#26 F:\\PHP\\OstadLearning\\laravel\\ecom\\vendor\\laravel\\framework\\src\\Illuminate\\Pipeline\\Pipeline.php(183): Illuminate\\Foundation\\Http\\Middleware\\ConvertEmptyStringsToNull->handle()
#27 F:\\PHP\\OstadLearning\\laravel\\ecom\\vendor\\laravel\\framework\\src\\Illuminate\\Foundation\\Http\\Middleware\\TransformsRequest.php(21): Illuminate\\Pipeline\\Pipeline->Illuminate\\Pipeline\\{closure}()
#28 F:\\PHP\\OstadLearning\\laravel\\ecom\\vendor\\laravel\\framework\\src\\Illuminate\\Foundation\\Http\\Middleware\\TrimStrings.php(51): Illuminate\\Foundation\\Http\\Middleware\\TransformsRequest->handle()
#29 F:\\PHP\\OstadLearning\\laravel\\ecom\\vendor\\laravel\\framework\\src\\Illuminate\\Pipeline\\Pipeline.php(183): Illuminate\\Foundation\\Http\\Middleware\\TrimStrings->handle()
#30 F:\\PHP\\OstadLearning\\laravel\\ecom\\vendor\\laravel\\framework\\src\\Illuminate\\Http\\Middleware\\ValidatePostSize.php(27): Illuminate\\Pipeline\\Pipeline->Illuminate\\Pipeline\\{closure}()
#31 F:\\PHP\\OstadLearning\\laravel\\ecom\\vendor\\laravel\\framework\\src\\Illuminate\\Pipeline\\Pipeline.php(183): Illuminate\\Http\\Middleware\\ValidatePostSize->handle()
#32 F:\\PHP\\OstadLearning\\laravel\\ecom\\vendor\\laravel\\framework\\src\\Illuminate\\Foundation\\Http\\Middleware\\PreventRequestsDuringMaintenance.php(110): Illuminate\\Pipeline\\Pipeline->Illuminate\\Pipeline\\{closure}()
#33 F:\\PHP\\OstadLearning\\laravel\\ecom\\vendor\\laravel\\framework\\src\\Illuminate\\Pipeline\\Pipeline.php(183): Illuminate\\Foundation\\Http\\Middleware\\PreventRequestsDuringMaintenance->handle()
#34 F:\\PHP\\OstadLearning\\laravel\\ecom\\vendor\\laravel\\framework\\src\\Illuminate\\Http\\Middleware\\HandleCors.php(49): Illuminate\\Pipeline\\Pipeline->Illuminate\\Pipeline\\{closure}()
#35 F:\\PHP\\OstadLearning\\laravel\\ecom\\vendor\\laravel\\framework\\src\\Illuminate\\Pipeline\\Pipeline.php(183): Illuminate\\Http\\Middleware\\HandleCors->handle()
#36 F:\\PHP\\OstadLearning\\laravel\\ecom\\vendor\\laravel\\framework\\src\\Illuminate\\Http\\Middleware\\TrustProxies.php(58): Illuminate\\Pipeline\\Pipeline->Illuminate\\Pipeline\\{closure}()
#37 F:\\PHP\\OstadLearning\\laravel\\ecom\\vendor\\laravel\\framework\\src\\Illuminate\\Pipeline\\Pipeline.php(183): Illuminate\\Http\\Middleware\\TrustProxies->handle()
#38 F:\\PHP\\OstadLearning\\laravel\\ecom\\vendor\\laravel\\framework\\src\\Illuminate\\Foundation\\Http\\Middleware\\InvokeDeferredCallbacks.php(22): Illuminate\\Pipeline\\Pipeline->Illuminate\\Pipeline\\{closure}()
#39 F:\\PHP\\OstadLearning\\laravel\\ecom\\vendor\\laravel\\framework\\src\\Illuminate\\Pipeline\\Pipeline.php(183): Illuminate\\Foundation\\Http\\Middleware\\InvokeDeferredCallbacks->handle()
#40 F:\\PHP\\OstadLearning\\laravel\\ecom\\vendor\\laravel\\framework\\src\\Illuminate\\Pipeline\\Pipeline.php(119): Illuminate\\Pipeline\\Pipeline->Illuminate\\Pipeline\\{closure}()
#41 F:\\PHP\\OstadLearning\\laravel\\ecom\\vendor\\laravel\\framework\\src\\Illuminate\\Foundation\\Http\\Kernel.php(176): Illuminate\\Pipeline\\Pipeline->then()
#42 F:\\PHP\\OstadLearning\\laravel\\ecom\\vendor\\laravel\\framework\\src\\Illuminate\\Foundation\\Http\\Kernel.php(145): Illuminate\\Foundation\\Http\\Kernel->sendRequestThroughRouter()
#43 F:\\PHP\\OstadLearning\\laravel\\ecom\\vendor\\laravel\\framework\\src\\Illuminate\\Foundation\\Application.php(1190): Illuminate\\Foundation\\Http\\Kernel->handle()
#44 F:\\PHP\\OstadLearning\\laravel\\ecom\\public\\index.php(17): Illuminate\\Foundation\\Application->handleRequest()
#45 F:\\PHP\\OstadLearning\\laravel\\ecom\\vendor\\laravel\\framework\\src\\Illuminate\\Foundation\\resources\\server.php(23): require_once('...')
#46 {main}
"} 
[2024-11-18 16:39:15] local.ERROR: No application encryption key has been specified. {"exception":"[object] (Illuminate\\Encryption\\MissingAppKeyException(code: 0): No application encryption key has been specified. at F:\\PHP\\OstadLearning\\laravel\\ecom\\vendor\\laravel\\framework\\src\\Illuminate\\Encryption\\EncryptionServiceProvider.php:83)
[stacktrace]
#0 F:\\PHP\\OstadLearning\\laravel\\ecom\\vendor\\laravel\\framework\\src\\Illuminate\\Support\\helpers.php(380): Illuminate\\Encryption\\EncryptionServiceProvider->Illuminate\\Encryption\\{closure}()
#1 F:\\PHP\\OstadLearning\\laravel\\ecom\\vendor\\laravel\\framework\\src\\Illuminate\\Encryption\\EncryptionServiceProvider.php(81): tap()
#2 F:\\PHP\\OstadLearning\\laravel\\ecom\\vendor\\laravel\\framework\\src\\Illuminate\\Encryption\\EncryptionServiceProvider.php(64): Illuminate\\Encryption\\EncryptionServiceProvider->key()
#3 F:\\PHP\\OstadLearning\\laravel\\ecom\\vendor\\laravel\\framework\\src\\Illuminate\\Encryption\\EncryptionServiceProvider.php(32): Illuminate\\Encryption\\EncryptionServiceProvider->parseKey()
#4 F:\\PHP\\OstadLearning\\laravel\\ecom\\vendor\\laravel\\framework\\src\\Illuminate\\Container\\Container.php(933): Illuminate\\Encryption\\EncryptionServiceProvider->Illuminate\\Encryption\\{closure}()
#5 F:\\PHP\\OstadLearning\\laravel\\ecom\\vendor\\laravel\\framework\\src\\Illuminate\\Container\\Container.php(815): Illuminate\\Container\\Container->build()
#6 F:\\PHP\\OstadLearning\\laravel\\ecom\\vendor\\laravel\\framework\\src\\Illuminate\\Foundation\\Application.php(1048): Illuminate\\Container\\Container->resolve()
#7 F:\\PHP\\OstadLearning\\laravel\\ecom\\vendor\\laravel\\framework\\src\\Illuminate\\Container\\Container.php(751): Illuminate\\Foundation\\Application->resolve()
#8 F:\\PHP\\OstadLearning\\laravel\\ecom\\vendor\\laravel\\framework\\src\\Illuminate\\Foundation\\Application.php(1030): Illuminate\\Container\\Container->make()
#9 F:\\PHP\\OstadLearning\\laravel\\ecom\\vendor\\laravel\\framework\\src\\Illuminate\\Container\\Container.php(1114): Illuminate\\Foundation\\Application->make()
#10 F:\\PHP\\OstadLearning\\laravel\\ecom\\vendor\\laravel\\framework\\src\\Illuminate\\Container\\Container.php(1024): Illuminate\\Container\\Container->resolveClass()
#11 F:\\PHP\\OstadLearning\\laravel\\ecom\\vendor\\laravel\\framework\\src\\Illuminate\\Container\\Container.php(975): Illuminate\\Container\\Container->resolveDependencies()
#12 F:\\PHP\\OstadLearning\\laravel\\ecom\\vendor\\laravel\\framework\\src\\Illuminate\\Container\\Container.php(815): Illuminate\\Container\\Container->build()
#13 F:\\PHP\\OstadLearning\\laravel\\ecom\\vendor\\laravel\\framework\\src\\Illuminate\\Foundation\\Application.php(1048): Illuminate\\Container\\Container->resolve()
#14 F:\\PHP\\OstadLearning\\laravel\\ecom\\vendor\\laravel\\framework\\src\\Illuminate\\Container\\Container.php(751): Illuminate\\Foundation\\Application->resolve()
#15 F:\\PHP\\OstadLearning\\laravel\\ecom\\vendor\\laravel\\framework\\src\\Illuminate\\Foundation\\Application.php(1030): Illuminate\\Container\\Container->make()
#16 F:\\PHP\\OstadLearning\\laravel\\ecom\\vendor\\laravel\\framework\\src\\Illuminate\\Foundation\\Http\\Kernel.php(258): Illuminate\\Foundation\\Application->make()
#17 F:\\PHP\\OstadLearning\\laravel\\ecom\\vendor\\laravel\\framework\\src\\Illuminate\\Foundation\\Http\\Kernel.php(216): Illuminate\\Foundation\\Http\\Kernel->terminateMiddleware()
#18 F:\\PHP\\OstadLearning\\laravel\\ecom\\vendor\\laravel\\framework\\src\\Illuminate\\Foundation\\Application.php(1192): Illuminate\\Foundation\\Http\\Kernel->terminate()
#19 F:\\PHP\\OstadLearning\\laravel\\ecom\\public\\index.php(17): Illuminate\\Foundation\\Application->handleRequest()
#20 F:\\PHP\\OstadLearning\\laravel\\ecom\\vendor\\laravel\\framework\\src\\Illuminate\\Foundation\\resources\\server.php(23): require_once('...')
#21 {main}
"} 
[2024-11-18 16:39:16] local.ERROR: No application encryption key has been specified. {"exception":"[object] (Illuminate\\Encryption\\MissingAppKeyException(code: 0): No application encryption key has been specified. at F:\\PHP\\OstadLearning\\laravel\\ecom\\vendor\\laravel\\framework\\src\\Illuminate\\Encryption\\EncryptionServiceProvider.php:83)
[stacktrace]
#0 F:\\PHP\\OstadLearning\\laravel\\ecom\\vendor\\laravel\\framework\\src\\Illuminate\\Support\\helpers.php(380): Illuminate\\Encryption\\EncryptionServiceProvider->Illuminate\\Encryption\\{closure}()
#1 F:\\PHP\\OstadLearning\\laravel\\ecom\\vendor\\laravel\\framework\\src\\Illuminate\\Encryption\\EncryptionServiceProvider.php(81): tap()
#2 F:\\PHP\\OstadLearning\\laravel\\ecom\\vendor\\laravel\\framework\\src\\Illuminate\\Encryption\\EncryptionServiceProvider.php(64): Illuminate\\Encryption\\EncryptionServiceProvider->key()
#3 F:\\PHP\\OstadLearning\\laravel\\ecom\\vendor\\laravel\\framework\\src\\Illuminate\\Encryption\\EncryptionServiceProvider.php(32): Illuminate\\Encryption\\EncryptionServiceProvider->parseKey()
#4 F:\\PHP\\OstadLearning\\laravel\\ecom\\vendor\\laravel\\framework\\src\\Illuminate\\Container\\Container.php(933): Illuminate\\Encryption\\EncryptionServiceProvider->Illuminate\\Encryption\\{closure}()
#5 F:\\PHP\\OstadLearning\\laravel\\ecom\\vendor\\laravel\\framework\\src\\Illuminate\\Container\\Container.php(815): Illuminate\\Container\\Container->build()
#6 F:\\PHP\\OstadLearning\\laravel\\ecom\\vendor\\laravel\\framework\\src\\Illuminate\\Foundation\\Application.php(1048): Illuminate\\Container\\Container->resolve()
#7 F:\\PHP\\OstadLearning\\laravel\\ecom\\vendor\\laravel\\framework\\src\\Illuminate\\Container\\Container.php(751): Illuminate\\Foundation\\Application->resolve()
#8 F:\\PHP\\OstadLearning\\laravel\\ecom\\vendor\\laravel\\framework\\src\\Illuminate\\Foundation\\Application.php(1030): Illuminate\\Container\\Container->make()
#9 F:\\PHP\\OstadLearning\\laravel\\ecom\\vendor\\laravel\\framework\\src\\Illuminate\\Container\\Container.php(1114): Illuminate\\Foundation\\Application->make()
#10 F:\\PHP\\OstadLearning\\laravel\\ecom\\vendor\\laravel\\framework\\src\\Illuminate\\Container\\Container.php(1024): Illuminate\\Container\\Container->resolveClass()
#11 F:\\PHP\\OstadLearning\\laravel\\ecom\\vendor\\laravel\\framework\\src\\Illuminate\\Container\\Container.php(975): Illuminate\\Container\\Container->resolveDependencies()
#12 F:\\PHP\\OstadLearning\\laravel\\ecom\\vendor\\laravel\\framework\\src\\Illuminate\\Container\\Container.php(815): Illuminate\\Container\\Container->build()
#13 F:\\PHP\\OstadLearning\\laravel\\ecom\\vendor\\laravel\\framework\\src\\Illuminate\\Foundation\\Application.php(1048): Illuminate\\Container\\Container->resolve()
#14 F:\\PHP\\OstadLearning\\laravel\\ecom\\vendor\\laravel\\framework\\src\\Illuminate\\Container\\Container.php(751): Illuminate\\Foundation\\Application->resolve()
#15 F:\\PHP\\OstadLearning\\laravel\\ecom\\vendor\\laravel\\framework\\src\\Illuminate\\Foundation\\Application.php(1030): Illuminate\\Container\\Container->make()
#16 F:\\PHP\\OstadLearning\\laravel\\ecom\\vendor\\laravel\\framework\\src\\Illuminate\\Pipeline\\Pipeline.php(172): Illuminate\\Foundation\\Application->make()
#17 F:\\PHP\\OstadLearning\\laravel\\ecom\\vendor\\laravel\\framework\\src\\Illuminate\\Pipeline\\Pipeline.php(119): Illuminate\\Pipeline\\Pipeline->Illuminate\\Pipeline\\{closure}()
#18 F:\\PHP\\OstadLearning\\laravel\\ecom\\vendor\\laravel\\framework\\src\\Illuminate\\Routing\\Router.php(807): Illuminate\\Pipeline\\Pipeline->then()
#19 F:\\PHP\\OstadLearning\\laravel\\ecom\\vendor\\laravel\\framework\\src\\Illuminate\\Routing\\Router.php(786): Illuminate\\Routing\\Router->runRouteWithinStack()
#20 F:\\PHP\\OstadLearning\\laravel\\ecom\\vendor\\laravel\\framework\\src\\Illuminate\\Routing\\Router.php(750): Illuminate\\Routing\\Router->runRoute()
#21 F:\\PHP\\OstadLearning\\laravel\\ecom\\vendor\\laravel\\framework\\src\\Illuminate\\Routing\\Router.php(739): Illuminate\\Routing\\Router->dispatchToRoute()
#22 F:\\PHP\\OstadLearning\\laravel\\ecom\\vendor\\laravel\\framework\\src\\Illuminate\\Foundation\\Http\\Kernel.php(201): Illuminate\\Routing\\Router->dispatch()
#23 F:\\PHP\\OstadLearning\\laravel\\ecom\\vendor\\laravel\\framework\\src\\Illuminate\\Pipeline\\Pipeline.php(144): Illuminate\\Foundation\\Http\\Kernel->Illuminate\\Foundation\\Http\\{closure}()
#24 F:\\PHP\\OstadLearning\\laravel\\ecom\\vendor\\laravel\\framework\\src\\Illuminate\\Foundation\\Http\\Middleware\\TransformsRequest.php(21): Illuminate\\Pipeline\\Pipeline->Illuminate\\Pipeline\\{closure}()
#25 F:\\PHP\\OstadLearning\\laravel\\ecom\\vendor\\laravel\\framework\\src\\Illuminate\\Foundation\\Http\\Middleware\\ConvertEmptyStringsToNull.php(31): Illuminate\\Foundation\\Http\\Middleware\\TransformsRequest->handle()
#26 F:\\PHP\\OstadLearning\\laravel\\ecom\\vendor\\laravel\\framework\\src\\Illuminate\\Pipeline\\Pipeline.php(183): Illuminate\\Foundation\\Http\\Middleware\\ConvertEmptyStringsToNull->handle()
#27 F:\\PHP\\OstadLearning\\laravel\\ecom\\vendor\\laravel\\framework\\src\\Illuminate\\Foundation\\Http\\Middleware\\TransformsRequest.php(21): Illuminate\\Pipeline\\Pipeline->Illuminate\\Pipeline\\{closure}()
#28 F:\\PHP\\OstadLearning\\laravel\\ecom\\vendor\\laravel\\framework\\src\\Illuminate\\Foundation\\Http\\Middleware\\TrimStrings.php(51): Illuminate\\Foundation\\Http\\Middleware\\TransformsRequest->handle()
#29 F:\\PHP\\OstadLearning\\laravel\\ecom\\vendor\\laravel\\framework\\src\\Illuminate\\Pipeline\\Pipeline.php(183): Illuminate\\Foundation\\Http\\Middleware\\TrimStrings->handle()
#30 F:\\PHP\\OstadLearning\\laravel\\ecom\\vendor\\laravel\\framework\\src\\Illuminate\\Http\\Middleware\\ValidatePostSize.php(27): Illuminate\\Pipeline\\Pipeline->Illuminate\\Pipeline\\{closure}()
#31 F:\\PHP\\OstadLearning\\laravel\\ecom\\vendor\\laravel\\framework\\src\\Illuminate\\Pipeline\\Pipeline.php(183): Illuminate\\Http\\Middleware\\ValidatePostSize->handle()
#32 F:\\PHP\\OstadLearning\\laravel\\ecom\\vendor\\laravel\\framework\\src\\Illuminate\\Foundation\\Http\\Middleware\\PreventRequestsDuringMaintenance.php(110): Illuminate\\Pipeline\\Pipeline->Illuminate\\Pipeline\\{closure}()
#33 F:\\PHP\\OstadLearning\\laravel\\ecom\\vendor\\laravel\\framework\\src\\Illuminate\\Pipeline\\Pipeline.php(183): Illuminate\\Foundation\\Http\\Middleware\\PreventRequestsDuringMaintenance->handle()
#34 F:\\PHP\\OstadLearning\\laravel\\ecom\\vendor\\laravel\\framework\\src\\Illuminate\\Http\\Middleware\\HandleCors.php(49): Illuminate\\Pipeline\\Pipeline->Illuminate\\Pipeline\\{closure}()
#35 F:\\PHP\\OstadLearning\\laravel\\ecom\\vendor\\laravel\\framework\\src\\Illuminate\\Pipeline\\Pipeline.php(183): Illuminate\\Http\\Middleware\\HandleCors->handle()
#36 F:\\PHP\\OstadLearning\\laravel\\ecom\\vendor\\laravel\\framework\\src\\Illuminate\\Http\\Middleware\\TrustProxies.php(58): Illuminate\\Pipeline\\Pipeline->Illuminate\\Pipeline\\{closure}()
#37 F:\\PHP\\OstadLearning\\laravel\\ecom\\vendor\\laravel\\framework\\src\\Illuminate\\Pipeline\\Pipeline.php(183): Illuminate\\Http\\Middleware\\TrustProxies->handle()
#38 F:\\PHP\\OstadLearning\\laravel\\ecom\\vendor\\laravel\\framework\\src\\Illuminate\\Foundation\\Http\\Middleware\\InvokeDeferredCallbacks.php(22): Illuminate\\Pipeline\\Pipeline->Illuminate\\Pipeline\\{closure}()
#39 F:\\PHP\\OstadLearning\\laravel\\ecom\\vendor\\laravel\\framework\\src\\Illuminate\\Pipeline\\Pipeline.php(183): Illuminate\\Foundation\\Http\\Middleware\\InvokeDeferredCallbacks->handle()
#40 F:\\PHP\\OstadLearning\\laravel\\ecom\\vendor\\laravel\\framework\\src\\Illuminate\\Pipeline\\Pipeline.php(119): Illuminate\\Pipeline\\Pipeline->Illuminate\\Pipeline\\{closure}()
#41 F:\\PHP\\OstadLearning\\laravel\\ecom\\vendor\\laravel\\framework\\src\\Illuminate\\Foundation\\Http\\Kernel.php(176): Illuminate\\Pipeline\\Pipeline->then()
#42 F:\\PHP\\OstadLearning\\laravel\\ecom\\vendor\\laravel\\framework\\src\\Illuminate\\Foundation\\Http\\Kernel.php(145): Illuminate\\Foundation\\Http\\Kernel->sendRequestThroughRouter()
#43 F:\\PHP\\OstadLearning\\laravel\\ecom\\vendor\\laravel\\framework\\src\\Illuminate\\Foundation\\Application.php(1190): Illuminate\\Foundation\\Http\\Kernel->handle()
#44 F:\\PHP\\OstadLearning\\laravel\\ecom\\public\\index.php(17): Illuminate\\Foundation\\Application->handleRequest()
#45 F:\\PHP\\OstadLearning\\laravel\\ecom\\vendor\\laravel\\framework\\src\\Illuminate\\Foundation\\resources\\server.php(23): require_once('...')
#46 {main}
"} 
[2024-11-18 16:39:17] local.ERROR: No application encryption key has been specified. {"exception":"[object] (Illuminate\\Encryption\\MissingAppKeyException(code: 0): No application encryption key has been specified. at F:\\PHP\\OstadLearning\\laravel\\ecom\\vendor\\laravel\\framework\\src\\Illuminate\\Encryption\\EncryptionServiceProvider.php:83)
[stacktrace]
#0 F:\\PHP\\OstadLearning\\laravel\\ecom\\vendor\\laravel\\framework\\src\\Illuminate\\Support\\helpers.php(380): Illuminate\\Encryption\\EncryptionServiceProvider->Illuminate\\Encryption\\{closure}()
#1 F:\\PHP\\OstadLearning\\laravel\\ecom\\vendor\\laravel\\framework\\src\\Illuminate\\Encryption\\EncryptionServiceProvider.php(81): tap()
#2 F:\\PHP\\OstadLearning\\laravel\\ecom\\vendor\\laravel\\framework\\src\\Illuminate\\Encryption\\EncryptionServiceProvider.php(64): Illuminate\\Encryption\\EncryptionServiceProvider->key()
#3 F:\\PHP\\OstadLearning\\laravel\\ecom\\vendor\\laravel\\framework\\src\\Illuminate\\Encryption\\EncryptionServiceProvider.php(32): Illuminate\\Encryption\\EncryptionServiceProvider->parseKey()
#4 F:\\PHP\\OstadLearning\\laravel\\ecom\\vendor\\laravel\\framework\\src\\Illuminate\\Container\\Container.php(933): Illuminate\\Encryption\\EncryptionServiceProvider->Illuminate\\Encryption\\{closure}()
#5 F:\\PHP\\OstadLearning\\laravel\\ecom\\vendor\\laravel\\framework\\src\\Illuminate\\Container\\Container.php(815): Illuminate\\Container\\Container->build()
#6 F:\\PHP\\OstadLearning\\laravel\\ecom\\vendor\\laravel\\framework\\src\\Illuminate\\Foundation\\Application.php(1048): Illuminate\\Container\\Container->resolve()
#7 F:\\PHP\\OstadLearning\\laravel\\ecom\\vendor\\laravel\\framework\\src\\Illuminate\\Container\\Container.php(751): Illuminate\\Foundation\\Application->resolve()
#8 F:\\PHP\\OstadLearning\\laravel\\ecom\\vendor\\laravel\\framework\\src\\Illuminate\\Foundation\\Application.php(1030): Illuminate\\Container\\Container->make()
#9 F:\\PHP\\OstadLearning\\laravel\\ecom\\vendor\\laravel\\framework\\src\\Illuminate\\Container\\Container.php(1114): Illuminate\\Foundation\\Application->make()
#10 F:\\PHP\\OstadLearning\\laravel\\ecom\\vendor\\laravel\\framework\\src\\Illuminate\\Container\\Container.php(1024): Illuminate\\Container\\Container->resolveClass()
#11 F:\\PHP\\OstadLearning\\laravel\\ecom\\vendor\\laravel\\framework\\src\\Illuminate\\Container\\Container.php(975): Illuminate\\Container\\Container->resolveDependencies()
#12 F:\\PHP\\OstadLearning\\laravel\\ecom\\vendor\\laravel\\framework\\src\\Illuminate\\Container\\Container.php(815): Illuminate\\Container\\Container->build()
#13 F:\\PHP\\OstadLearning\\laravel\\ecom\\vendor\\laravel\\framework\\src\\Illuminate\\Foundation\\Application.php(1048): Illuminate\\Container\\Container->resolve()
#14 F:\\PHP\\OstadLearning\\laravel\\ecom\\vendor\\laravel\\framework\\src\\Illuminate\\Container\\Container.php(751): Illuminate\\Foundation\\Application->resolve()
#15 F:\\PHP\\OstadLearning\\laravel\\ecom\\vendor\\laravel\\framework\\src\\Illuminate\\Foundation\\Application.php(1030): Illuminate\\Container\\Container->make()
#16 F:\\PHP\\OstadLearning\\laravel\\ecom\\vendor\\laravel\\framework\\src\\Illuminate\\Foundation\\Http\\Kernel.php(258): Illuminate\\Foundation\\Application->make()
#17 F:\\PHP\\OstadLearning\\laravel\\ecom\\vendor\\laravel\\framework\\src\\Illuminate\\Foundation\\Http\\Kernel.php(216): Illuminate\\Foundation\\Http\\Kernel->terminateMiddleware()
#18 F:\\PHP\\OstadLearning\\laravel\\ecom\\vendor\\laravel\\framework\\src\\Illuminate\\Foundation\\Application.php(1192): Illuminate\\Foundation\\Http\\Kernel->terminate()
#19 F:\\PHP\\OstadLearning\\laravel\\ecom\\public\\index.php(17): Illuminate\\Foundation\\Application->handleRequest()
#20 F:\\PHP\\OstadLearning\\laravel\\ecom\\vendor\\laravel\\framework\\src\\Illuminate\\Foundation\\resources\\server.php(23): require_once('...')
#21 {main}
"} 
[2024-11-18 16:40:54] local.ERROR: Database file at path [F:\PHP\OstadLearning\laravel\ecom\database\database.sqlite] does not exist. Ensure this is an absolute path to the database. (Connection: sqlite, SQL: select * from "sessions" where "id" = 09fj1dhRRBFf3gwmNCIysclOYg7ggLpSMACQkdKO limit 1) {"exception":"[object] (Illuminate\\Database\\QueryException(code: 0): Database file at path [F:\\PHP\\OstadLearning\\laravel\\ecom\\database\\database.sqlite] does not exist. Ensure this is an absolute path to the database. (Connection: sqlite, SQL: select * from \"sessions\" where \"id\" = 09fj1dhRRBFf3gwmNCIysclOYg7ggLpSMACQkdKO limit 1) at F:\\PHP\\OstadLearning\\laravel\\ecom\\vendor\\laravel\\framework\\src\\Illuminate\\Database\\Connection.php:825)
[stacktrace]
#0 F:\\PHP\\OstadLearning\\laravel\\ecom\\vendor\\laravel\\framework\\src\\Illuminate\\Database\\Connection.php(779): Illuminate\\Database\\Connection->runQueryCallback()
#1 F:\\PHP\\OstadLearning\\laravel\\ecom\\vendor\\laravel\\framework\\src\\Illuminate\\Database\\Connection.php(398): Illuminate\\Database\\Connection->run()
#2 F:\\PHP\\OstadLearning\\laravel\\ecom\\vendor\\laravel\\framework\\src\\Illuminate\\Database\\Query\\Builder.php(3132): Illuminate\\Database\\Connection->select()
#3 F:\\PHP\\OstadLearning\\laravel\\ecom\\vendor\\laravel\\framework\\src\\Illuminate\\Database\\Query\\Builder.php(3117): Illuminate\\Database\\Query\\Builder->runSelect()
#4 F:\\PHP\\OstadLearning\\laravel\\ecom\\vendor\\laravel\\framework\\src\\Illuminate\\Database\\Query\\Builder.php(3705): Illuminate\\Database\\Query\\Builder->Illuminate\\Database\\Query\\{closure}()
#5 F:\\PHP\\OstadLearning\\laravel\\ecom\\vendor\\laravel\\framework\\src\\Illuminate\\Database\\Query\\Builder.php(3116): Illuminate\\Database\\Query\\Builder->onceWithColumns()
#6 F:\\PHP\\OstadLearning\\laravel\\ecom\\vendor\\laravel\\framework\\src\\Illuminate\\Database\\Concerns\\BuildsQueries.php(344): Illuminate\\Database\\Query\\Builder->get()
#7 F:\\PHP\\OstadLearning\\laravel\\ecom\\vendor\\laravel\\framework\\src\\Illuminate\\Database\\Query\\Builder.php(3037): Illuminate\\Database\\Query\\Builder->first()
#8 F:\\PHP\\OstadLearning\\laravel\\ecom\\vendor\\laravel\\framework\\src\\Illuminate\\Session\\DatabaseSessionHandler.php(97): Illuminate\\Database\\Query\\Builder->find()
#9 F:\\PHP\\OstadLearning\\laravel\\ecom\\vendor\\laravel\\framework\\src\\Illuminate\\Session\\Store.php(113): Illuminate\\Session\\DatabaseSessionHandler->read()
#10 F:\\PHP\\OstadLearning\\laravel\\ecom\\vendor\\laravel\\framework\\src\\Illuminate\\Session\\Store.php(101): Illuminate\\Session\\Store->readFromHandler()
#11 F:\\PHP\\OstadLearning\\laravel\\ecom\\vendor\\laravel\\framework\\src\\Illuminate\\Session\\Store.php(85): Illuminate\\Session\\Store->loadSession()
#12 F:\\PHP\\OstadLearning\\laravel\\ecom\\vendor\\laravel\\framework\\src\\Illuminate\\Session\\Middleware\\StartSession.php(147): Illuminate\\Session\\Store->start()
#13 F:\\PHP\\OstadLearning\\laravel\\ecom\\vendor\\laravel\\framework\\src\\Illuminate\\Support\\helpers.php(380): Illuminate\\Session\\Middleware\\StartSession->Illuminate\\Session\\Middleware\\{closure}()
#14 F:\\PHP\\OstadLearning\\laravel\\ecom\\vendor\\laravel\\framework\\src\\Illuminate\\Session\\Middleware\\StartSession.php(144): tap()
#15 F:\\PHP\\OstadLearning\\laravel\\ecom\\vendor\\laravel\\framework\\src\\Illuminate\\Session\\Middleware\\StartSession.php(116): Illuminate\\Session\\Middleware\\StartSession->startSession()
#16 F:\\PHP\\OstadLearning\\laravel\\ecom\\vendor\\laravel\\framework\\src\\Illuminate\\Session\\Middleware\\StartSession.php(64): Illuminate\\Session\\Middleware\\StartSession->handleStatefulRequest()
#17 F:\\PHP\\OstadLearning\\laravel\\ecom\\vendor\\laravel\\framework\\src\\Illuminate\\Pipeline\\Pipeline.php(183): Illuminate\\Session\\Middleware\\StartSession->handle()
#18 F:\\PHP\\OstadLearning\\laravel\\ecom\\vendor\\laravel\\framework\\src\\Illuminate\\Cookie\\Middleware\\AddQueuedCookiesToResponse.php(37): Illuminate\\Pipeline\\Pipeline->Illuminate\\Pipeline\\{closure}()
#19 F:\\PHP\\OstadLearning\\laravel\\ecom\\vendor\\laravel\\framework\\src\\Illuminate\\Pipeline\\Pipeline.php(183): Illuminate\\Cookie\\Middleware\\AddQueuedCookiesToResponse->handle()
#20 F:\\PHP\\OstadLearning\\laravel\\ecom\\vendor\\laravel\\framework\\src\\Illuminate\\Cookie\\Middleware\\EncryptCookies.php(75): Illuminate\\Pipeline\\Pipeline->Illuminate\\Pipeline\\{closure}()
#21 F:\\PHP\\OstadLearning\\laravel\\ecom\\vendor\\laravel\\framework\\src\\Illuminate\\Pipeline\\Pipeline.php(183): Illuminate\\Cookie\\Middleware\\EncryptCookies->handle()
#22 F:\\PHP\\OstadLearning\\laravel\\ecom\\vendor\\laravel\\framework\\src\\Illuminate\\Pipeline\\Pipeline.php(119): Illuminate\\Pipeline\\Pipeline->Illuminate\\Pipeline\\{closure}()
#23 F:\\PHP\\OstadLearning\\laravel\\ecom\\vendor\\laravel\\framework\\src\\Illuminate\\Routing\\Router.php(807): Illuminate\\Pipeline\\Pipeline->then()
#24 F:\\PHP\\OstadLearning\\laravel\\ecom\\vendor\\laravel\\framework\\src\\Illuminate\\Routing\\Router.php(786): Illuminate\\Routing\\Router->runRouteWithinStack()
#25 F:\\PHP\\OstadLearning\\laravel\\ecom\\vendor\\laravel\\framework\\src\\Illuminate\\Routing\\Router.php(750): Illuminate\\Routing\\Router->runRoute()
#26 F:\\PHP\\OstadLearning\\laravel\\ecom\\vendor\\laravel\\framework\\src\\Illuminate\\Routing\\Router.php(739): Illuminate\\Routing\\Router->dispatchToRoute()
#27 F:\\PHP\\OstadLearning\\laravel\\ecom\\vendor\\laravel\\framework\\src\\Illuminate\\Foundation\\Http\\Kernel.php(201): Illuminate\\Routing\\Router->dispatch()
#28 F:\\PHP\\OstadLearning\\laravel\\ecom\\vendor\\laravel\\framework\\src\\Illuminate\\Pipeline\\Pipeline.php(144): Illuminate\\Foundation\\Http\\Kernel->Illuminate\\Foundation\\Http\\{closure}()
#29 F:\\PHP\\OstadLearning\\laravel\\ecom\\vendor\\laravel\\framework\\src\\Illuminate\\Foundation\\Http\\Middleware\\TransformsRequest.php(21): Illuminate\\Pipeline\\Pipeline->Illuminate\\Pipeline\\{closure}()
#30 F:\\PHP\\OstadLearning\\laravel\\ecom\\vendor\\laravel\\framework\\src\\Illuminate\\Foundation\\Http\\Middleware\\ConvertEmptyStringsToNull.php(31): Illuminate\\Foundation\\Http\\Middleware\\TransformsRequest->handle()
#31 F:\\PHP\\OstadLearning\\laravel\\ecom\\vendor\\laravel\\framework\\src\\Illuminate\\Pipeline\\Pipeline.php(183): Illuminate\\Foundation\\Http\\Middleware\\ConvertEmptyStringsToNull->handle()
#32 F:\\PHP\\OstadLearning\\laravel\\ecom\\vendor\\laravel\\framework\\src\\Illuminate\\Foundation\\Http\\Middleware\\TransformsRequest.php(21): Illuminate\\Pipeline\\Pipeline->Illuminate\\Pipeline\\{closure}()
#33 F:\\PHP\\OstadLearning\\laravel\\ecom\\vendor\\laravel\\framework\\src\\Illuminate\\Foundation\\Http\\Middleware\\TrimStrings.php(51): Illuminate\\Foundation\\Http\\Middleware\\TransformsRequest->handle()
#34 F:\\PHP\\OstadLearning\\laravel\\ecom\\vendor\\laravel\\framework\\src\\Illuminate\\Pipeline\\Pipeline.php(183): Illuminate\\Foundation\\Http\\Middleware\\TrimStrings->handle()
#35 F:\\PHP\\OstadLearning\\laravel\\ecom\\vendor\\laravel\\framework\\src\\Illuminate\\Http\\Middleware\\ValidatePostSize.php(27): Illuminate\\Pipeline\\Pipeline->Illuminate\\Pipeline\\{closure}()
#36 F:\\PHP\\OstadLearning\\laravel\\ecom\\vendor\\laravel\\framework\\src\\Illuminate\\Pipeline\\Pipeline.php(183): Illuminate\\Http\\Middleware\\ValidatePostSize->handle()
#37 F:\\PHP\\OstadLearning\\laravel\\ecom\\vendor\\laravel\\framework\\src\\Illuminate\\Foundation\\Http\\Middleware\\PreventRequestsDuringMaintenance.php(110): Illuminate\\Pipeline\\Pipeline->Illuminate\\Pipeline\\{closure}()
#38 F:\\PHP\\OstadLearning\\laravel\\ecom\\vendor\\laravel\\framework\\src\\Illuminate\\Pipeline\\Pipeline.php(183): Illuminate\\Foundation\\Http\\Middleware\\PreventRequestsDuringMaintenance->handle()
#39 F:\\PHP\\OstadLearning\\laravel\\ecom\\vendor\\laravel\\framework\\src\\Illuminate\\Http\\Middleware\\HandleCors.php(49): Illuminate\\Pipeline\\Pipeline->Illuminate\\Pipeline\\{closure}()
#40 F:\\PHP\\OstadLearning\\laravel\\ecom\\vendor\\laravel\\framework\\src\\Illuminate\\Pipeline\\Pipeline.php(183): Illuminate\\Http\\Middleware\\HandleCors->handle()
#41 F:\\PHP\\OstadLearning\\laravel\\ecom\\vendor\\laravel\\framework\\src\\Illuminate\\Http\\Middleware\\TrustProxies.php(58): Illuminate\\Pipeline\\Pipeline->Illuminate\\Pipeline\\{closure}()
#42 F:\\PHP\\OstadLearning\\laravel\\ecom\\vendor\\laravel\\framework\\src\\Illuminate\\Pipeline\\Pipeline.php(183): Illuminate\\Http\\Middleware\\TrustProxies->handle()
#43 F:\\PHP\\OstadLearning\\laravel\\ecom\\vendor\\laravel\\framework\\src\\Illuminate\\Foundation\\Http\\Middleware\\InvokeDeferredCallbacks.php(22): Illuminate\\Pipeline\\Pipeline->Illuminate\\Pipeline\\{closure}()
#44 F:\\PHP\\OstadLearning\\laravel\\ecom\\vendor\\laravel\\framework\\src\\Illuminate\\Pipeline\\Pipeline.php(183): Illuminate\\Foundation\\Http\\Middleware\\InvokeDeferredCallbacks->handle()
#45 F:\\PHP\\OstadLearning\\laravel\\ecom\\vendor\\laravel\\framework\\src\\Illuminate\\Pipeline\\Pipeline.php(119): Illuminate\\Pipeline\\Pipeline->Illuminate\\Pipeline\\{closure}()
#46 F:\\PHP\\OstadLearning\\laravel\\ecom\\vendor\\laravel\\framework\\src\\Illuminate\\Foundation\\Http\\Kernel.php(176): Illuminate\\Pipeline\\Pipeline->then()
#47 F:\\PHP\\OstadLearning\\laravel\\ecom\\vendor\\laravel\\framework\\src\\Illuminate\\Foundation\\Http\\Kernel.php(145): Illuminate\\Foundation\\Http\\Kernel->sendRequestThroughRouter()
#48 F:\\PHP\\OstadLearning\\laravel\\ecom\\vendor\\laravel\\framework\\src\\Illuminate\\Foundation\\Application.php(1190): Illuminate\\Foundation\\Http\\Kernel->handle()
#49 F:\\PHP\\OstadLearning\\laravel\\ecom\\public\\index.php(17): Illuminate\\Foundation\\Application->handleRequest()
#50 F:\\PHP\\OstadLearning\\laravel\\ecom\\vendor\\laravel\\framework\\src\\Illuminate\\Foundation\\resources\\server.php(23): require_once('...')
#51 {main}

[previous exception] [object] (Illuminate\\Database\\SQLiteDatabaseDoesNotExistException(code: 0): Database file at path [F:\\PHP\\OstadLearning\\laravel\\ecom\\database\\database.sqlite] does not exist. Ensure this is an absolute path to the database. at F:\\PHP\\OstadLearning\\laravel\\ecom\\vendor\\laravel\\framework\\src\\Illuminate\\Database\\Connectors\\SQLiteConnector.php:34)
[stacktrace]
#0 F:\\PHP\\OstadLearning\\laravel\\ecom\\vendor\\laravel\\framework\\src\\Illuminate\\Database\\Connectors\\ConnectionFactory.php(224): Illuminate\\Database\\Connectors\\SQLiteConnector->connect()
#1 [internal function]: Illuminate\\Database\\Connectors\\ConnectionFactory->Illuminate\\Database\\Connectors\\{closure}()
#2 F:\\PHP\\OstadLearning\\laravel\\ecom\\vendor\\laravel\\framework\\src\\Illuminate\\Database\\Connection.php(1231): call_user_func()
#3 F:\\PHP\\OstadLearning\\laravel\\ecom\\vendor\\laravel\\framework\\src\\Illuminate\\Database\\Connection.php(1267): Illuminate\\Database\\Connection->getPdo()
#4 F:\\PHP\\OstadLearning\\laravel\\ecom\\vendor\\laravel\\framework\\src\\Illuminate\\Database\\Connection.php(512): Illuminate\\Database\\Connection->getReadPdo()
#5 F:\\PHP\\OstadLearning\\laravel\\ecom\\vendor\\laravel\\framework\\src\\Illuminate\\Database\\Connection.php(407): Illuminate\\Database\\Connection->getPdoForSelect()
#6 F:\\PHP\\OstadLearning\\laravel\\ecom\\vendor\\laravel\\framework\\src\\Illuminate\\Database\\Connection.php(812): Illuminate\\Database\\Connection->Illuminate\\Database\\{closure}()
#7 F:\\PHP\\OstadLearning\\laravel\\ecom\\vendor\\laravel\\framework\\src\\Illuminate\\Database\\Connection.php(779): Illuminate\\Database\\Connection->runQueryCallback()
#8 F:\\PHP\\OstadLearning\\laravel\\ecom\\vendor\\laravel\\framework\\src\\Illuminate\\Database\\Connection.php(398): Illuminate\\Database\\Connection->run()
#9 F:\\PHP\\OstadLearning\\laravel\\ecom\\vendor\\laravel\\framework\\src\\Illuminate\\Database\\Query\\Builder.php(3132): Illuminate\\Database\\Connection->select()
#10 F:\\PHP\\OstadLearning\\laravel\\ecom\\vendor\\laravel\\framework\\src\\Illuminate\\Database\\Query\\Builder.php(3117): Illuminate\\Database\\Query\\Builder->runSelect()
#11 F:\\PHP\\OstadLearning\\laravel\\ecom\\vendor\\laravel\\framework\\src\\Illuminate\\Database\\Query\\Builder.php(3705): Illuminate\\Database\\Query\\Builder->Illuminate\\Database\\Query\\{closure}()
#12 F:\\PHP\\OstadLearning\\laravel\\ecom\\vendor\\laravel\\framework\\src\\Illuminate\\Database\\Query\\Builder.php(3116): Illuminate\\Database\\Query\\Builder->onceWithColumns()
#13 F:\\PHP\\OstadLearning\\laravel\\ecom\\vendor\\laravel\\framework\\src\\Illuminate\\Database\\Concerns\\BuildsQueries.php(344): Illuminate\\Database\\Query\\Builder->get()
#14 F:\\PHP\\OstadLearning\\laravel\\ecom\\vendor\\laravel\\framework\\src\\Illuminate\\Database\\Query\\Builder.php(3037): Illuminate\\Database\\Query\\Builder->first()
#15 F:\\PHP\\OstadLearning\\laravel\\ecom\\vendor\\laravel\\framework\\src\\Illuminate\\Session\\DatabaseSessionHandler.php(97): Illuminate\\Database\\Query\\Builder->find()
#16 F:\\PHP\\OstadLearning\\laravel\\ecom\\vendor\\laravel\\framework\\src\\Illuminate\\Session\\Store.php(113): Illuminate\\Session\\DatabaseSessionHandler->read()
#17 F:\\PHP\\OstadLearning\\laravel\\ecom\\vendor\\laravel\\framework\\src\\Illuminate\\Session\\Store.php(101): Illuminate\\Session\\Store->readFromHandler()
#18 F:\\PHP\\OstadLearning\\laravel\\ecom\\vendor\\laravel\\framework\\src\\Illuminate\\Session\\Store.php(85): Illuminate\\Session\\Store->loadSession()
#19 F:\\PHP\\OstadLearning\\laravel\\ecom\\vendor\\laravel\\framework\\src\\Illuminate\\Session\\Middleware\\StartSession.php(147): Illuminate\\Session\\Store->start()
#20 F:\\PHP\\OstadLearning\\laravel\\ecom\\vendor\\laravel\\framework\\src\\Illuminate\\Support\\helpers.php(380): Illuminate\\Session\\Middleware\\StartSession->Illuminate\\Session\\Middleware\\{closure}()
#21 F:\\PHP\\OstadLearning\\laravel\\ecom\\vendor\\laravel\\framework\\src\\Illuminate\\Session\\Middleware\\StartSession.php(144): tap()
#22 F:\\PHP\\OstadLearning\\laravel\\ecom\\vendor\\laravel\\framework\\src\\Illuminate\\Session\\Middleware\\StartSession.php(116): Illuminate\\Session\\Middleware\\StartSession->startSession()
#23 F:\\PHP\\OstadLearning\\laravel\\ecom\\vendor\\laravel\\framework\\src\\Illuminate\\Session\\Middleware\\StartSession.php(64): Illuminate\\Session\\Middleware\\StartSession->handleStatefulRequest()
#24 F:\\PHP\\OstadLearning\\laravel\\ecom\\vendor\\laravel\\framework\\src\\Illuminate\\Pipeline\\Pipeline.php(183): Illuminate\\Session\\Middleware\\StartSession->handle()
#25 F:\\PHP\\OstadLearning\\laravel\\ecom\\vendor\\laravel\\framework\\src\\Illuminate\\Cookie\\Middleware\\AddQueuedCookiesToResponse.php(37): Illuminate\\Pipeline\\Pipeline->Illuminate\\Pipeline\\{closure}()
#26 F:\\PHP\\OstadLearning\\laravel\\ecom\\vendor\\laravel\\framework\\src\\Illuminate\\Pipeline\\Pipeline.php(183): Illuminate\\Cookie\\Middleware\\AddQueuedCookiesToResponse->handle()
#27 F:\\PHP\\OstadLearning\\laravel\\ecom\\vendor\\laravel\\framework\\src\\Illuminate\\Cookie\\Middleware\\EncryptCookies.php(75): Illuminate\\Pipeline\\Pipeline->Illuminate\\Pipeline\\{closure}()
#28 F:\\PHP\\OstadLearning\\laravel\\ecom\\vendor\\laravel\\framework\\src\\Illuminate\\Pipeline\\Pipeline.php(183): Illuminate\\Cookie\\Middleware\\EncryptCookies->handle()
#29 F:\\PHP\\OstadLearning\\laravel\\ecom\\vendor\\laravel\\framework\\src\\Illuminate\\Pipeline\\Pipeline.php(119): Illuminate\\Pipeline\\Pipeline->Illuminate\\Pipeline\\{closure}()
#30 F:\\PHP\\OstadLearning\\laravel\\ecom\\vendor\\laravel\\framework\\src\\Illuminate\\Routing\\Router.php(807): Illuminate\\Pipeline\\Pipeline->then()
#31 F:\\PHP\\OstadLearning\\laravel\\ecom\\vendor\\laravel\\framework\\src\\Illuminate\\Routing\\Router.php(786): Illuminate\\Routing\\Router->runRouteWithinStack()
#32 F:\\PHP\\OstadLearning\\laravel\\ecom\\vendor\\laravel\\framework\\src\\Illuminate\\Routing\\Router.php(750): Illuminate\\Routing\\Router->runRoute()
#33 F:\\PHP\\OstadLearning\\laravel\\ecom\\vendor\\laravel\\framework\\src\\Illuminate\\Routing\\Router.php(739): Illuminate\\Routing\\Router->dispatchToRoute()
#34 F:\\PHP\\OstadLearning\\laravel\\ecom\\vendor\\laravel\\framework\\src\\Illuminate\\Foundation\\Http\\Kernel.php(201): Illuminate\\Routing\\Router->dispatch()
#35 F:\\PHP\\OstadLearning\\laravel\\ecom\\vendor\\laravel\\framework\\src\\Illuminate\\Pipeline\\Pipeline.php(144): Illuminate\\Foundation\\Http\\Kernel->Illuminate\\Foundation\\Http\\{closure}()
#36 F:\\PHP\\OstadLearning\\laravel\\ecom\\vendor\\laravel\\framework\\src\\Illuminate\\Foundation\\Http\\Middleware\\TransformsRequest.php(21): Illuminate\\Pipeline\\Pipeline->Illuminate\\Pipeline\\{closure}()
#37 F:\\PHP\\OstadLearning\\laravel\\ecom\\vendor\\laravel\\framework\\src\\Illuminate\\Foundation\\Http\\Middleware\\ConvertEmptyStringsToNull.php(31): Illuminate\\Foundation\\Http\\Middleware\\TransformsRequest->handle()
#38 F:\\PHP\\OstadLearning\\laravel\\ecom\\vendor\\laravel\\framework\\src\\Illuminate\\Pipeline\\Pipeline.php(183): Illuminate\\Foundation\\Http\\Middleware\\ConvertEmptyStringsToNull->handle()
#39 F:\\PHP\\OstadLearning\\laravel\\ecom\\vendor\\laravel\\framework\\src\\Illuminate\\Foundation\\Http\\Middleware\\TransformsRequest.php(21): Illuminate\\Pipeline\\Pipeline->Illuminate\\Pipeline\\{closure}()
#40 F:\\PHP\\OstadLearning\\laravel\\ecom\\vendor\\laravel\\framework\\src\\Illuminate\\Foundation\\Http\\Middleware\\TrimStrings.php(51): Illuminate\\Foundation\\Http\\Middleware\\TransformsRequest->handle()
#41 F:\\PHP\\OstadLearning\\laravel\\ecom\\vendor\\laravel\\framework\\src\\Illuminate\\Pipeline\\Pipeline.php(183): Illuminate\\Foundation\\Http\\Middleware\\TrimStrings->handle()
#42 F:\\PHP\\OstadLearning\\laravel\\ecom\\vendor\\laravel\\framework\\src\\Illuminate\\Http\\Middleware\\ValidatePostSize.php(27): Illuminate\\Pipeline\\Pipeline->Illuminate\\Pipeline\\{closure}()
#43 F:\\PHP\\OstadLearning\\laravel\\ecom\\vendor\\laravel\\framework\\src\\Illuminate\\Pipeline\\Pipeline.php(183): Illuminate\\Http\\Middleware\\ValidatePostSize->handle()
#44 F:\\PHP\\OstadLearning\\laravel\\ecom\\vendor\\laravel\\framework\\src\\Illuminate\\Foundation\\Http\\Middleware\\PreventRequestsDuringMaintenance.php(110): Illuminate\\Pipeline\\Pipeline->Illuminate\\Pipeline\\{closure}()
#45 F:\\PHP\\OstadLearning\\laravel\\ecom\\vendor\\laravel\\framework\\src\\Illuminate\\Pipeline\\Pipeline.php(183): Illuminate\\Foundation\\Http\\Middleware\\PreventRequestsDuringMaintenance->handle()
#46 F:\\PHP\\OstadLearning\\laravel\\ecom\\vendor\\laravel\\framework\\src\\Illuminate\\Http\\Middleware\\HandleCors.php(49): Illuminate\\Pipeline\\Pipeline->Illuminate\\Pipeline\\{closure}()
#47 F:\\PHP\\OstadLearning\\laravel\\ecom\\vendor\\laravel\\framework\\src\\Illuminate\\Pipeline\\Pipeline.php(183): Illuminate\\Http\\Middleware\\HandleCors->handle()
#48 F:\\PHP\\OstadLearning\\laravel\\ecom\\vendor\\laravel\\framework\\src\\Illuminate\\Http\\Middleware\\TrustProxies.php(58): Illuminate\\Pipeline\\Pipeline->Illuminate\\Pipeline\\{closure}()
#49 F:\\PHP\\OstadLearning\\laravel\\ecom\\vendor\\laravel\\framework\\src\\Illuminate\\Pipeline\\Pipeline.php(183): Illuminate\\Http\\Middleware\\TrustProxies->handle()
#50 F:\\PHP\\OstadLearning\\laravel\\ecom\\vendor\\laravel\\framework\\src\\Illuminate\\Foundation\\Http\\Middleware\\InvokeDeferredCallbacks.php(22): Illuminate\\Pipeline\\Pipeline->Illuminate\\Pipeline\\{closure}()
#51 F:\\PHP\\OstadLearning\\laravel\\ecom\\vendor\\laravel\\framework\\src\\Illuminate\\Pipeline\\Pipeline.php(183): Illuminate\\Foundation\\Http\\Middleware\\InvokeDeferredCallbacks->handle()
#52 F:\\PHP\\OstadLearning\\laravel\\ecom\\vendor\\laravel\\framework\\src\\Illuminate\\Pipeline\\Pipeline.php(119): Illuminate\\Pipeline\\Pipeline->Illuminate\\Pipeline\\{closure}()
#53 F:\\PHP\\OstadLearning\\laravel\\ecom\\vendor\\laravel\\framework\\src\\Illuminate\\Foundation\\Http\\Kernel.php(176): Illuminate\\Pipeline\\Pipeline->then()
#54 F:\\PHP\\OstadLearning\\laravel\\ecom\\vendor\\laravel\\framework\\src\\Illuminate\\Foundation\\Http\\Kernel.php(145): Illuminate\\Foundation\\Http\\Kernel->sendRequestThroughRouter()
#55 F:\\PHP\\OstadLearning\\laravel\\ecom\\vendor\\laravel\\framework\\src\\Illuminate\\Foundation\\Application.php(1190): Illuminate\\Foundation\\Http\\Kernel->handle()
#56 F:\\PHP\\OstadLearning\\laravel\\ecom\\public\\index.php(17): Illuminate\\Foundation\\Application->handleRequest()
#57 F:\\PHP\\OstadLearning\\laravel\\ecom\\vendor\\laravel\\framework\\src\\Illuminate\\Foundation\\resources\\server.php(23): require_once('...')
#58 {main}
"} 
